0 info it worked if it ends with ok
1 verbose cli [
1 verbose cli   '/usr/local/bin/node',
1 verbose cli   '/usr/local/bin/npm',
1 verbose cli   'install',
1 verbose cli   '--no-fund',
1 verbose cli   '--no-audit',
1 verbose cli   '--no-update-notifier',
1 verbose cli   '--save',
1 verbose cli   '--production',
1 verbose cli   '--color=false',
1 verbose cli   'vue-echarts@vue/composition-api'
1 verbose cli ]
2 info using npm@6.14.16
3 info using node@v14.19.1
4 verbose npm-session 576d2efeee79f30e
5 silly install loadCurrentTree
6 silly install readLocalPackageData
7 silly fetchPackageMetaData error for vue-echarts@github:vue/composition-api Error while executing:
7 silly fetchPackageMetaData /usr/bin/git ls-remote -h -t ssh://git@github.com/vue/composition-api.git
7 silly fetchPackageMetaData
7 silly fetchPackageMetaData Warning: Permanently added the ECDSA host key for IP address '140.82.121.3' to the list of known hosts.
7 silly fetchPackageMetaData git@github.com: Permission denied (publickey).
7 silly fetchPackageMetaData fatal: Could not read from remote repository.
7 silly fetchPackageMetaData
7 silly fetchPackageMetaData Please make sure you have the correct access rights
7 silly fetchPackageMetaData and the repository exists.
7 silly fetchPackageMetaData
7 silly fetchPackageMetaData exited with error code: 128
8 timing stage:rollbackFailedOptional Completed in 1ms
9 timing stage:runTopLevelLifecycles Completed in 3195ms
10 verbose stack Error: exited with error code: 128
10 verbose stack     at ChildProcess.<anonymous> (/usr/local/lib/node_modules/npm/node_modules/pacote/lib/util/finished.js:12:19)
10 verbose stack     at ChildProcess.emit (events.js:400:28)
10 verbose stack     at maybeClose (internal/child_process.js:1058:16)
10 verbose stack     at Socket.<anonymous> (internal/child_process.js:443:11)
10 verbose stack     at Socket.emit (events.js:400:28)
10 verbose stack     at Pipe.<anonymous> (net.js:686:12)
11 verbose cwd /data/uibuilder
12 verbose Linux 5.10.16.3-microsoft-standard-WSL2
13 verbose argv "/usr/local/bin/node" "/usr/local/bin/npm" "install" "--no-fund" "--no-audit" "--no-update-notifier" "--save" "--production" "--color=false" "vue-echarts@vue/composition-api"
14 verbose node v14.19.1
15 verbose npm  v6.14.16
16 error Error while executing:
16 error /usr/bin/git ls-remote -h -t ssh://git@github.com/vue/composition-api.git
16 error
16 error Warning: Permanently added the ECDSA host key for IP address '140.82.121.3' to the list of known hosts.
16 error git@github.com: Permission denied (publickey).
16 error fatal: Could not read from remote repository.
16 error
16 error Please make sure you have the correct access rights
16 error and the repository exists.
16 error
16 error exited with error code: 128
17 verbose exit [ 1, true ]
