0 info it worked if it ends with ok
1 verbose cli [
1 verbose cli   '/usr/local/bin/node',
1 verbose cli   '/usr/local/bin/npm',
1 verbose cli   'uninstall',
1 verbose cli   '--save',
1 verbose cli   '--color=false',
1 verbose cli   '--no-fund',
1 verbose cli   '--no-audit',
1 verbose cli   '--no-update-notifier',
1 verbose cli   'jquery'
1 verbose cli ]
2 info using npm@6.14.16
3 info using node@v14.19.1
4 verbose npm-session f8362a6e1ab3fe4e
5 silly install loadCurrentTree
6 silly install readLocalPackageData
7 timing stage:loadCurrentTree Completed in 429ms
8 silly install loadIdealTree
9 silly install cloneCurrentTreeToIdealTree
10 timing stage:loadIdealTree:cloneCurrentTree Completed in 1ms
11 silly install loadShrinkwrap
12 timing stage:loadIdealTree:loadShrinkwrap Completed in 169ms
13 silly uninstall loadAllDepsIntoIdealTree
14 silly install loadAllDepsIntoIdealTree
15 timing stage:loadIdealTree:loadAllDepsIntoIdealTree Completed in 155ms
16 timing stage:loadIdealTree Completed in 379ms
17 silly currentTree uib_root@5.0.2
17 silly currentTree +-- @babel/parser@7.17.9
17 silly currentTree +-- @nuxt/opencollective@0.3.2
17 silly currentTree +-- @vue/compiler-core@3.2.33
17 silly currentTree +-- @vue/compiler-dom@3.2.33
17 silly currentTree +-- @vue/compiler-sfc@3.2.33
17 silly currentTree +-- @vue/compiler-ssr@3.2.33
17 silly currentTree +-- @vue/reactivity-transform@3.2.33
17 silly currentTree +-- @vue/reactivity@3.2.33
17 silly currentTree +-- @vue/runtime-core@3.2.33
17 silly currentTree +-- @vue/runtime-dom@3.2.33
17 silly currentTree +-- @vue/server-renderer@3.2.33
17 silly currentTree +-- @vue/shared@3.2.33
17 silly currentTree +-- bootstrap-vue@2.22.0
17 silly currentTree +-- bootstrap@4.6.1
17 silly currentTree +-- chalk@4.1.2
17 silly currentTree +-- csstype@2.6.20
17 silly currentTree +-- estree-walker@2.0.2
17 silly currentTree +-- jquery@3.6.0
17 silly currentTree +-- magic-string@0.25.9
17 silly currentTree +-- nanoid@3.3.3
17 silly currentTree +-- node-fetch@2.6.7
17 silly currentTree +-- picocolors@1.0.0
17 silly currentTree +-- portal-vue
17 silly currentTree +-- postcss@8.4.12
17 silly currentTree +-- source-map-js@1.0.2
17 silly currentTree +-- source-map@0.6.1
17 silly currentTree +-- sourcemap-codec@1.4.8
17 silly currentTree +-- supports-color@7.2.0
17 silly currentTree +-- tr46@0.0.3
17 silly currentTree +-- vue-functional-data-merge@3.1.0
17 silly currentTree +-- vue@3.2.33
17 silly currentTree +-- webidl-conversions@3.0.1
17 silly currentTree `-- whatwg-url@5.0.0
18 silly idealTree uib_root@5.0.2
18 silly idealTree +-- @babel/parser@7.17.9
18 silly idealTree +-- @nuxt/opencollective@0.3.2
18 silly idealTree +-- @vue/compiler-core@3.2.33
18 silly idealTree +-- @vue/compiler-dom@3.2.33
18 silly idealTree +-- @vue/compiler-sfc@3.2.33
18 silly idealTree +-- @vue/compiler-ssr@3.2.33
18 silly idealTree +-- @vue/reactivity-transform@3.2.33
18 silly idealTree +-- @vue/reactivity@3.2.33
18 silly idealTree +-- @vue/runtime-core@3.2.33
18 silly idealTree +-- @vue/runtime-dom@3.2.33
18 silly idealTree +-- @vue/server-renderer@3.2.33
18 silly idealTree +-- @vue/shared@3.2.33
18 silly idealTree +-- ansi-styles@4.3.0
18 silly idealTree +-- bootstrap-vue@2.22.0
18 silly idealTree +-- bootstrap@4.6.1
18 silly idealTree +-- chalk@4.1.2
18 silly idealTree +-- color-convert@2.0.1
18 silly idealTree +-- color-name@1.1.4
18 silly idealTree +-- consola@2.15.3
18 silly idealTree +-- csstype@2.6.20
18 silly idealTree +-- estree-walker@2.0.2
18 silly idealTree +-- has-flag@4.0.0
18 silly idealTree +-- magic-string@0.25.9
18 silly idealTree +-- nanoid@3.3.3
18 silly idealTree +-- node-fetch@2.6.7
18 silly idealTree +-- picocolors@1.0.0
18 silly idealTree +-- popper.js@1.16.1
18 silly idealTree +-- portal-vue@2.1.7
18 silly idealTree +-- postcss@8.4.12
18 silly idealTree +-- source-map-js@1.0.2
18 silly idealTree +-- source-map@0.6.1
18 silly idealTree +-- sourcemap-codec@1.4.8
18 silly idealTree +-- supports-color@7.2.0
18 silly idealTree +-- tr46@0.0.3
18 silly idealTree +-- vue-functional-data-merge@3.1.0
18 silly idealTree +-- vue@3.2.33
18 silly idealTree +-- webidl-conversions@3.0.1
18 silly idealTree `-- whatwg-url@5.0.0
19 silly install generateActionsToTake
20 warn checkPermissions Missing write access to /data/uibuilder/node_modules/portal-vue
21 timing stage:rollbackFailedOptional Completed in 1ms
22 timing stage:runTopLevelLifecycles Completed in 872ms
23 silly saveTree uib_root@5.0.2
23 silly saveTree +-- bootstrap-vue@2.22.0
23 silly saveTree | +-- @nuxt/opencollective@0.3.2
23 silly saveTree | | +-- chalk@4.1.2
23 silly saveTree | | | +-- ansi-styles@4.3.0
23 silly saveTree | | | | `-- color-convert@2.0.1
23 silly saveTree | | | |   `-- color-name@1.1.4
23 silly saveTree | | | `-- supports-color@7.2.0
23 silly saveTree | | |   `-- has-flag@4.0.0
23 silly saveTree | | +-- consola@2.15.3
23 silly saveTree | | `-- node-fetch@2.6.7
23 silly saveTree | |   `-- whatwg-url@5.0.0
23 silly saveTree | |     +-- tr46@0.0.3
23 silly saveTree | |     `-- webidl-conversions@3.0.1
23 silly saveTree | +-- bootstrap@4.6.1
23 silly saveTree | +-- popper.js@1.16.1
23 silly saveTree | +-- portal-vue@2.1.7
23 silly saveTree | `-- vue-functional-data-merge@3.1.0
23 silly saveTree +-- bootstrap@4.6.1
23 silly saveTree `-- vue@3.2.33
23 silly saveTree   +-- @vue/compiler-dom@3.2.33
23 silly saveTree   | +-- @vue/compiler-core@3.2.33
23 silly saveTree   | | +-- @babel/parser@7.17.9
23 silly saveTree   | | +-- @vue/shared@3.2.33
23 silly saveTree   | | +-- estree-walker@2.0.2
23 silly saveTree   | | `-- source-map@0.6.1
23 silly saveTree   | `-- @vue/shared@3.2.33
23 silly saveTree   +-- @vue/compiler-sfc@3.2.33
23 silly saveTree   | +-- @vue/compiler-ssr@3.2.33
23 silly saveTree   | +-- @vue/reactivity-transform@3.2.33
23 silly saveTree   | | `-- magic-string@0.25.9
23 silly saveTree   | |   `-- sourcemap-codec@1.4.8
23 silly saveTree   | +-- magic-string@0.25.9
23 silly saveTree   | `-- postcss@8.4.12
23 silly saveTree   |   +-- nanoid@3.3.3
23 silly saveTree   |   +-- picocolors@1.0.0
23 silly saveTree   |   `-- source-map-js@1.0.2
23 silly saveTree   +-- @vue/runtime-dom@3.2.33
23 silly saveTree   | +-- @vue/runtime-core@3.2.33
23 silly saveTree   | | `-- @vue/reactivity@3.2.33
23 silly saveTree   | `-- csstype@2.6.20
23 silly saveTree   +-- @vue/server-renderer@3.2.33
23 silly saveTree   `-- @vue/shared@3.2.33
24 warn bootstrap@4.6.1 requires a peer of jquery@1.9.1 - 3 but none is installed. You must install peer dependencies yourself.
25 warn uib_root@5.0.2 No repository field.
26 verbose stack Error: ENOENT: no such file or directory, access '/data/uibuilder/node_modules/portal-vue'
27 verbose cwd /data/uibuilder
28 verbose Linux 5.10.16.3-microsoft-standard-WSL2
29 verbose argv "/usr/local/bin/node" "/usr/local/bin/npm" "uninstall" "--save" "--color=false" "--no-fund" "--no-audit" "--no-update-notifier" "jquery"
30 verbose node v14.19.1
31 verbose npm  v6.14.16
32 error code ENOENT
33 error syscall access
34 error path /data/uibuilder/node_modules/portal-vue
35 error errno -2
36 error enoent ENOENT: no such file or directory, access '/data/uibuilder/node_modules/portal-vue'
37 error enoent This is related to npm not being able to find a file.
38 verbose exit [ -2, true ]
